<?xml version="1.0" encoding="UTF-8"?>
<!-- Generated by org.testng.reporters.JUnitReportReporter -->
<testsuite hostname="DESKTOP-L3LS371" failures="0" tests="1" name="Testclas.loginTest" time="5.509" errors="0" timestamp="2024-05-15T22:34:37 IST" skipped="0">
  <testcase classname="Testclas.loginTest" name="login" time="5.509"/>
  <system-out/>
</testsuite> <!-- Testclas.loginTest -->
