<?xml version="1.0" encoding="UTF-8"?>
<!-- Generated by org.testng.reporters.JUnitReportReporter -->
<testsuite hostname="DESKTOP-L3LS371" failures="0" tests="1" name="baseTest.Basetestclass" time="12.277" errors="0" timestamp="2024-01-15T13:33:17 IST" skipped="0">
  <testcase classname="baseTest.Basetestclass" name="setup" time="12.277"/>
  <system-out/>
</testsuite> <!-- baseTest.Basetestclass -->
