<?xml version="1.0" encoding="UTF-8"?>
<!-- Generated by org.testng.reporters.JUnitReportReporter -->
<testsuite hostname="DESKTOP-L3LS371" failures="0" tests="2" name="PageObject.HomePage" time="0.000" errors="0" timestamp="2024-04-05T00:21:53 IST" skipped="2">
  <testcase classname="PageObject.HomePage" name="searchproduct" time="0.000">
    <skipped/>
  </testcase> <!-- searchproduct -->
  <system-out/>
  <testcase classname="PageObject.HomePage" name="gotoitem" time="0.000">
    <skipped/>
  </testcase> <!-- gotoitem -->
  <system-out/>
</testsuite> <!-- PageObject.HomePage -->
