<?xml version="1.0" encoding="UTF-8"?>
<!-- Generated by org.testng.reporters.JUnitReportReporter -->
<testsuite hostname="DESKTOP-L3LS371" failures="0" tests="1" name="WebMethods.ExtentReport" time="1.308" errors="0" timestamp="2024-04-04T07:00:05 IST" skipped="0">
  <testcase classname="WebMethods.ExtentReport" name="testcases" time="1.308"/>
  <system-out/>
</testsuite> <!-- WebMethods.ExtentReport -->
