<?xml version="1.0" encoding="UTF-8"?>
<!-- Generated by org.testng.reporters.JUnitReportReporter -->
<testsuite hostname="DESKTOP-L3LS371" failures="0" tests="3" name="baseTest.BaseClass" time="37.641" errors="0" timestamp="2024-04-03T01:59:33 IST" skipped="0">
  <testcase classname="baseTest.BaseClass" name="login" time="7.498"/>
  <system-out>
    <![CDATA[tyring to login]]>
  </system-out>
  <testcase classname="baseTest.BaseClass" name="addtocart" time="23.477"/>
  <system-out/>
  <testcase classname="baseTest.BaseClass" name="makepayment" time="6.666"/>
  <system-out/>
</testsuite> <!-- baseTest.BaseClass -->
