<?xml version="1.0" encoding="UTF-8"?>
<!-- Generated by org.testng.reporters.JUnitReportReporter -->
<testsuite hostname="DESKTOP-L3LS371" failures="0" tests="4" name="PageObject.Login" time="31.841" errors="0" timestamp="2024-04-04T07:13:31 IST" skipped="0">
  <testcase classname="PageObject.Login" name="login" time="10.676"/>
  <system-out>
    <![CDATA[successfully login]]>
  </system-out>
  <testcase classname="PageObject.Login" name="searchproduct" time="4.394"/>
  <system-out/>
  <testcase classname="PageObject.Login" name="gotoitem" time="7.190"/>
  <system-out/>
  <testcase classname="PageObject.Login" name="addToCart" time="9.581"/>
  <system-out/>
</testsuite> <!-- PageObject.Login -->
