<?xml version="1.0" encoding="UTF-8"?>
<!-- Generated by org.testng.reporters.JUnitReportReporter -->
<testsuite hostname="DESKTOP-L3LS371" failures="0" tests="1" name="Utilsexcel.ReadExcel" time="0.000" errors="0" timestamp="2024-04-07T15:42:05 IST" skipped="1">
  <testcase classname="Utilsexcel.ReadExcel" name="logintest" time="0.000">
    <skipped/>
  </testcase> <!-- logintest -->
  <system-out/>
</testsuite> <!-- Utilsexcel.ReadExcel -->
